<?xml version="1.0" encoding="UTF-8"?>
<!-- Generated by org.testng.reporters.JUnitReportReporter -->
<testsuite hostname="DESKTOP-TVLNRVV" failures="0" tests="1" name="SelTest.Navigate" time="32.691" errors="0" timestamp="2024-06-28T18:44:59 IST" skipped="0">
  <testcase classname="SelTest.Navigate" name="Navi" time="32.691"/>
  <system-out/>
</testsuite> <!-- SelTest.Navigate -->
