<?xml version="1.0" encoding="UTF-8"?>
<!-- Generated by org.testng.reporters.JUnitReportReporter -->
<testsuite hostname="DESKTOP-TVLNRVV" failures="0" tests="2" name="SelTest.Links" time="11.283" errors="0" timestamp="2024-06-26T12:18:12 IST" skipped="0">
  <testcase classname="SelTest.Links" name="linkstr01" time="8.787"/>
  <testcase classname="SelTest.Links" name="linkstr" time="2.496">
    <system-out>
      <![CDATA[Login test pass
Login test pass
Login test pass
Login test pass
Login test pass
Login test pass
Login test pass
Login test pass
Login test pass
Login test pass
Login test pass
Login test pass
Login test pass
Login test pass
Login test pass
Login test pass
Login test pass
Login test pass
Login test pass
Login test pass
Login test pass
Login test pass
Login test pass
Login test pass]]>
    </system-out>
  </testcase> <!-- linkstr -->
  <system-out>
    <![CDATA[Login test pass
Login test pass
Login test pass
Login test pass
Login test pass
Login test pass
Login test pass
Login test pass
Login test pass
Login test pass
Login test pass
Login test pass
Login test pass
Login test pass
Login test pass
Login test pass
Login test pass
Login test pass
Login test pass
Login test pass
Login test pass
Login test pass
Login test pass
Login test pass]]>
  </system-out>
</testsuite> <!-- SelTest.Links -->
