<?xml version="1.0" encoding="UTF-8"?>
<!-- Generated by org.testng.reporters.JUnitReportReporter -->
<testsuite hostname="DESKTOP-TVLNRVV" failures="0" tests="1" name="SelTest.LoginTest" time="6.252" errors="0" timestamp="2024-06-26T14:05:05 IST" skipped="0">
  <testcase classname="SelTest.LoginTest" name="validateLogin" time="6.252"/>
</testsuite> <!-- SelTest.LoginTest -->
