<?xml version="1.0" encoding="UTF-8"?>
<!-- Generated by org.testng.reporters.JUnitReportReporter -->
<testsuite hostname="DESKTOP-TVLNRVV" failures="0" tests="1" name="SelTest.Refresh" time="11.854" errors="0" timestamp="2024-06-24T16:18:32 IST" skipped="0">
  <testcase classname="SelTest.Refresh" name="refresh" time="11.854"/>
</testsuite> <!-- SelTest.Refresh -->
