<?xml version="1.0" encoding="UTF-8"?>
<!-- Generated by org.testng.reporters.JUnitReportReporter -->
<testsuite hostname="DESKTOP-TVLNRVV" failures="0" tests="1" name="SelTest.StringFileRead" time="3.130" errors="0" timestamp="2024-06-20T20:25:22 IST" skipped="0">
  <testcase classname="SelTest.StringFileRead" name="readstring" time="3.130"/>
</testsuite> <!-- SelTest.StringFileRead -->
