<?xml version="1.0" encoding="UTF-8"?>
<!-- Generated by org.testng.reporters.JUnitReportReporter -->
<testsuite hostname="DESKTOP-TVLNRVV" failures="0" tests="1" name="Basics.Loops" time="4.006" errors="0" timestamp="2024-06-19T17:07:14 IST" skipped="0">
  <testcase classname="Basics.Loops" name="wlp" time="4.006"/>
</testsuite> <!-- Basics.Loops -->
