<?xml version="1.0" encoding="UTF-8"?>
<!-- Generated by org.testng.reporters.JUnitReportReporter -->
<testsuite hostname="DESKTOP-TVLNRVV" failures="0" tests="1" name="SelTest.Images" time="7.078" errors="0" timestamp="2024-06-26T16:54:10 IST" skipped="0">
  <testcase classname="SelTest.Images" name="img" time="7.078"/>
</testsuite> <!-- SelTest.Images -->
