<?xml version="1.0" encoding="UTF-8"?>
<!-- Generated by org.testng.reporters.JUnitReportReporter -->
<testsuite hostname="DESKTOP-TVLNRVV" failures="0" tests="1" name="MatSel.repeat" time="3.416" errors="0" timestamp="2024-06-21T12:27:51 IST" skipped="0">
  <testcase classname="MatSel.repeat" name="testrepeat" time="3.416"/>
</testsuite> <!-- MatSel.repeat -->
