<?xml version="1.0" encoding="UTF-8"?>
<!-- Generated by org.testng.reporters.JUnitReportReporter -->
<testsuite hostname="DESKTOP-TVLNRVV" failures="0" tests="1" name="SelTest.Testscript01" time="22.890" errors="0" timestamp="2024-06-28T16:31:11 IST" skipped="0">
  <testcase classname="SelTest.Testscript01" name="TestLogin" time="22.890"/>
  <system-out/>
</testsuite> <!-- SelTest.Testscript01 -->
