<?xml version="1.0" encoding="UTF-8"?>
<!-- Generated by org.testng.reporters.JUnitReportReporter -->
<testsuite hostname="DESKTOP-TVLNRVV" failures="0" tests="1" name="SelTest.Navigate" time="27.784" errors="0" timestamp="2024-06-25T15:10:38 IST" skipped="0">
  <testcase classname="SelTest.Navigate" name="Navi" time="27.784"/>
</testsuite> <!-- SelTest.Navigate -->
