<?xml version="1.0" encoding="UTF-8"?>
<!-- Generated by org.testng.reporters.JUnitReportReporter -->
<testsuite hostname="DESKTOP-TVLNRVV" failures="0" tests="1" name="Basics.Javabasic" time="5.876" errors="0" timestamp="2024-06-19T15:21:47 IST" skipped="0">
  <testcase classname="Basics.Javabasic" name="Basics" time="5.876"/>
</testsuite> <!-- Basics.Javabasic -->
