<?xml version="1.0" encoding="UTF-8"?>
<!-- Generated by org.testng.reporters.JUnitReportReporter -->
<testsuite hostname="DESKTOP-TVLNRVV" failures="0" tests="1" name="SelTest.JsonFileRead" time="22.716" errors="0" timestamp="2024-06-28T18:10:56 IST" skipped="0">
  <testcase classname="SelTest.JsonFileRead" name="readjson" time="22.716"/>
</testsuite> <!-- SelTest.JsonFileRead -->
