<?xml version="1.0" encoding="UTF-8"?>
<!-- Generated by org.testng.reporters.JUnitReportReporter -->
<testsuite hostname="DESKTOP-TVLNRVV" failures="0" tests="1" name="SelTest.StringFileRead" time="2.385" errors="0" timestamp="2024-06-28T17:50:31 IST" skipped="0">
  <testcase classname="SelTest.StringFileRead" name="readstring" time="2.385"/>
</testsuite> <!-- SelTest.StringFileRead -->
